-encoding
UTF-8
-outxml
-source
6
-target
6
-classpath
C:\Users\sanjeev\.m2\repository\aopalliance\aopalliance\1.0\aopalliance-1.0.jar;C:\Users\sanjeev\.m2\repository\commons-beanutils\commons-beanutils\1.8.3\commons-beanutils-1.8.3.jar;C:\Users\sanjeev\.m2\repository\commons-codec\commons-codec\1.5\commons-codec-1.5.jar;C:\Users\sanjeev\.m2\repository\commons-digester\commons-digester\2.1\commons-digester-2.1.jar;C:\Users\sanjeev\.m2\repository\commons-fileupload\commons-fileupload\1.2.2\commons-fileupload-1.2.2.jar;C:\Users\sanjeev\.m2\repository\commons-io\commons-io\2.1\commons-io-2.1.jar;C:\Users\sanjeev\.m2\repository\javax\el\el-api\1.0\el-api-1.0.jar;C:\Users\sanjeev\.m2\repository\javax\persistence\persistence-api\1.0\persistence-api-1.0.jar;C:\Users\sanjeev\.m2\repository\javax\servlet\servlet-api\2.5\servlet-api-2.5.jar;C:\Users\sanjeev\.m2\repository\javax\servlet\jsp\jsp-api\2.1\jsp-api-2.1.jar;C:\Users\sanjeev\.m2\repository\javax\servlet\jsp\jstl\jstl-api\1.2\jstl-api-1.2.jar;C:\Users\sanjeev\.m2\repository\javax\validation\validation-api\1.0.0.GA\validation-api-1.0.0.GA.jar;C:\Users\sanjeev\.m2\repository\joda-time\joda-time\1.6\joda-time-1.6.jar;C:\Users\sanjeev\.m2\repository\log4j\log4j\1.2.16\log4j-1.2.16.jar;C:\Users\sanjeev\.m2\repository\net\sf\flexjson\flexjson\2.1\flexjson-2.1.jar;C:\Users\sanjeev\.m2\repository\org\apache\commons\commons-lang3\3.1\commons-lang3-3.1.jar;C:\Users\sanjeev\.m2\repository\org\apache\tiles\tiles-api\2.2.2\tiles-api-2.2.2.jar;C:\Users\sanjeev\.m2\repository\org\apache\tiles\tiles-core\2.2.2\tiles-core-2.2.2.jar;C:\Users\sanjeev\.m2\repository\org\apache\tiles\tiles-jsp\2.2.2\tiles-jsp-2.2.2.jar;C:\Users\sanjeev\.m2\repository\org\apache\tiles\tiles-servlet\2.2.2\tiles-servlet-2.2.2.jar;C:\Users\sanjeev\.m2\repository\org\apache\tiles\tiles-template\2.2.2\tiles-template-2.2.2.jar;C:\Users\sanjeev\.m2\repository\org\aspectj\aspectjrt\1.6.12\aspectjrt-1.6.12.jar;C:\Users\sanjeev\.m2\repository\org\aspectj\aspectjweaver\1.6.12\aspectjweaver-1.6.12.jar;C:\Users\sanjeev\.m2\repository\org\cloudfoundry\cloudfoundry-runtime\0.8.0\cloudfoundry-runtime-0.8.0.jar;C:\Users\sanjeev\.m2\repository\org\glassfish\web\jstl-impl\1.2\jstl-impl-1.2.jar;C:\Users\sanjeev\.m2\repository\org\hibernate\hibernate-validator\4.2.0.Final\hibernate-validator-4.2.0.Final.jar;C:\Users\sanjeev\.m2\repository\org\mongodb\mongo-java-driver\2.6.5\mongo-java-driver-2.6.5.jar;C:\Users\sanjeev\.m2\repository\org\slf4j\jcl-over-slf4j\1.6.4\jcl-over-slf4j-1.6.4.jar;C:\Users\sanjeev\.m2\repository\org\slf4j\slf4j-api\1.6.4\slf4j-api-1.6.4.jar;C:\Users\sanjeev\.m2\repository\org\slf4j\slf4j-log4j12\1.6.4\slf4j-log4j12-1.6.4.jar;C:\Users\sanjeev\.m2\repository\org\springframework\spring-aop\3.1.0.RELEASE\spring-aop-3.1.0.RELEASE.jar;C:\Users\sanjeev\.m2\repository\org\springframework\spring-asm\3.1.0.RELEASE\spring-asm-3.1.0.RELEASE.jar;C:\Users\sanjeev\.m2\repository\org\springframework\spring-aspects\3.1.0.RELEASE\spring-aspects-3.1.0.RELEASE.jar;C:\Users\sanjeev\.m2\repository\org\springframework\spring-beans\3.1.0.RELEASE\spring-beans-3.1.0.RELEASE.jar;C:\Users\sanjeev\.m2\repository\org\springframework\spring-context\3.1.0.RELEASE\spring-context-3.1.0.RELEASE.jar;C:\Users\sanjeev\.m2\repository\org\springframework\spring-context-support\3.1.0.RELEASE\spring-context-support-3.1.0.RELEASE.jar;C:\Users\sanjeev\.m2\repository\org\springframework\spring-core\3.1.0.RELEASE\spring-core-3.1.0.RELEASE.jar;C:\Users\sanjeev\.m2\repository\org\springframework\spring-expression\3.1.0.RELEASE\spring-expression-3.1.0.RELEASE.jar;C:\Users\sanjeev\.m2\repository\org\springframework\spring-jdbc\3.0.6.RELEASE\spring-jdbc-3.0.6.RELEASE.jar;C:\Users\sanjeev\.m2\repository\org\springframework\spring-tx\3.0.6.RELEASE\spring-tx-3.0.6.RELEASE.jar;C:\Users\sanjeev\.m2\repository\org\springframework\spring-web\3.1.0.RELEASE\spring-web-3.1.0.RELEASE.jar;C:\Users\sanjeev\.m2\repository\org\springframework\spring-webmvc\3.1.0.RELEASE\spring-webmvc-3.1.0.RELEASE.jar;C:\Users\sanjeev\.m2\repository\org\springframework\data\spring-data-commons-core\1.2.0.M2\spring-data-commons-core-1.2.0.M2.jar;C:\Users\sanjeev\.m2\repository\org\springframework\data\spring-data-mongodb\1.0.0.M5\spring-data-mongodb-1.0.0.M5.jar;C:\Users\sanjeev\.m2\repository\org\springframework\roo\org.springframework.roo.annotations\1.2.1.RELEASE\org.springframework.roo.annotations-1.2.1.RELEASE.jar;C:\Users\sanjeev\.m2\repository\org\springframework\security\spring-security-acl\3.1.0.RELEASE\spring-security-acl-3.1.0.RELEASE.jar;C:\Users\sanjeev\.m2\repository\org\springframework\security\spring-security-config\3.1.0.RELEASE\spring-security-config-3.1.0.RELEASE.jar;C:\Users\sanjeev\.m2\repository\org\springframework\security\spring-security-core\3.1.0.RELEASE\spring-security-core-3.1.0.RELEASE.jar;C:\Users\sanjeev\.m2\repository\org\springframework\security\spring-security-crypto\3.1.0.RELEASE\spring-security-crypto-3.1.0.RELEASE.jar;C:\Users\sanjeev\.m2\repository\org\springframework\security\spring-security-taglibs\3.1.0.RELEASE\spring-security-taglibs-3.1.0.RELEASE.jar;C:\Users\sanjeev\.m2\repository\org\springframework\security\spring-security-web\3.1.0.RELEASE\spring-security-web-3.1.0.RELEASE.jar;C:\Users\sanjeev\.m2\repository\org\springframework\webflow\spring-js-resources\2.2.1.RELEASE\spring-js-resources-2.2.1.RELEASE.jar;D:\darkhorse\getsporty\Darkhorse\target\classes
-aspectpath
C:\Users\sanjeev\.m2\repository\org\springframework\spring-aspects\3.1.0.RELEASE\spring-aspects-3.1.0.RELEASE.jar
-d
D:\darkhorse\getsporty\Darkhorse\target\classes
D:\darkhorse\getsporty\Darkhorse\src\main\java\com\darkhorse\getsporty\domain\Contact_Roo_JavaBean.aj
D:\darkhorse\getsporty\Darkhorse\src\main\java\com\darkhorse\getsporty\domain\User_Roo_Json.aj
D:\darkhorse\getsporty\Darkhorse\src\main\java\com\darkhorse\getsporty\domain\Player.java
D:\darkhorse\getsporty\Darkhorse\src\main\java\com\darkhorse\getsporty\domain\UserRole.java
D:\darkhorse\getsporty\Darkhorse\src\main\java\com\darkhorse\getsporty\web\controller\UserController.java
D:\darkhorse\getsporty\Darkhorse\src\main\java\com\darkhorse\getsporty\svc\UserRoleSvcImpl.java
D:\darkhorse\getsporty\Darkhorse\src\main\java\com\darkhorse\getsporty\domain\CommonFields.java
D:\darkhorse\getsporty\Darkhorse\src\main\java\com\darkhorse\getsporty\domain\Coach_Roo_ToString.aj
D:\darkhorse\getsporty\Darkhorse\src\main\java\com\darkhorse\getsporty\svc\UserSvcImpl.java
D:\darkhorse\getsporty\Darkhorse\src\main\java\com\darkhorse\getsporty\domain\CommonFields_Roo_JavaBean.aj
D:\darkhorse\getsporty\Darkhorse\src\main\java\com\darkhorse\getsporty\domain\Contact_Roo_ToString.aj
D:\darkhorse\getsporty\Darkhorse\src\main\java\com\darkhorse\getsporty\domain\User_Roo_JavaBean.aj
D:\darkhorse\getsporty\Darkhorse\src\main\java\com\darkhorse\getsporty\svc\UserSvc_Roo_Service.aj
D:\darkhorse\getsporty\Darkhorse\src\main\java\com\darkhorse\getsporty\domain\Coach_Roo_JavaBean.aj
D:\darkhorse\getsporty\Darkhorse\src\main\java\com\darkhorse\getsporty\domain\User_Roo_ToString.aj
D:\darkhorse\getsporty\Darkhorse\src\main\java\com\darkhorse\getsporty\domain\Academy_Roo_ToString.aj
D:\darkhorse\getsporty\Darkhorse\src\main\java\com\darkhorse\getsporty\domain\Coach_Roo_Mongo_Entity.aj
D:\darkhorse\getsporty\Darkhorse\src\main\java\com\darkhorse\getsporty\domain\Image_Roo_JavaBean.aj
D:\darkhorse\getsporty\Darkhorse\src\main\java\com\darkhorse\getsporty\domain\Academy_Roo_JavaBean.aj
D:\darkhorse\getsporty\Darkhorse\src\main\java\com\darkhorse\getsporty\web\controller\UserRoleController_Roo_Controller_Json.aj
D:\darkhorse\getsporty\Darkhorse\src\main\java\com\darkhorse\getsporty\web\controller\ApplicationConversionServiceFactoryBean_Roo_ConversionService.aj
D:\darkhorse\getsporty\Darkhorse\src\main\java\com\darkhorse\getsporty\dao\UserRoleDao_Roo_Mongo_Repository.aj
D:\darkhorse\getsporty\Darkhorse\src\main\java\com\darkhorse\getsporty\domain\User_Roo_Mongo_Entity.aj
D:\darkhorse\getsporty\Darkhorse\src\main\java\com\darkhorse\getsporty\domain\CommonFields_Roo_Mongo_Entity.aj
D:\darkhorse\getsporty\Darkhorse\src\main\java\com\darkhorse\getsporty\dao\UserRoleDao.java
D:\darkhorse\getsporty\Darkhorse\src\main\java\com\darkhorse\getsporty\domain\Coach.java
D:\darkhorse\getsporty\Darkhorse\src\main\java\com\darkhorse\getsporty\domain\UserRole_Roo_ToString.aj
D:\darkhorse\getsporty\Darkhorse\src\main\java\com\darkhorse\getsporty\dao\UserDao_Roo_Mongo_Repository.aj
D:\darkhorse\getsporty\Darkhorse\src\main\java\com\darkhorse\getsporty\svc\UserSvcImpl_Roo_Service.aj
D:\darkhorse\getsporty\Darkhorse\src\main\java\com\darkhorse\getsporty\domain\Academy_Roo_Mongo_Entity.aj
D:\darkhorse\getsporty\Darkhorse\src\main\java\com\darkhorse\getsporty\domain\Contact.java
D:\darkhorse\getsporty\Darkhorse\src\main\java\com\darkhorse\getsporty\dao\UserDao.java
D:\darkhorse\getsporty\Darkhorse\src\main\java\com\darkhorse\getsporty\svc\UserRoleSvc_Roo_Service.aj
D:\darkhorse\getsporty\Darkhorse\src\main\java\com\darkhorse\getsporty\svc\UserRoleSvc.java
D:\darkhorse\getsporty\Darkhorse\src\main\java\com\darkhorse\getsporty\web\controller\UserRoleController.java
D:\darkhorse\getsporty\Darkhorse\src\main\java\com\darkhorse\getsporty\domain\UserRole_Roo_Mongo_Entity.aj
D:\darkhorse\getsporty\Darkhorse\src\main\java\com\darkhorse\getsporty\svc\UserSvc.java
D:\darkhorse\getsporty\Darkhorse\src\main\java\com\darkhorse\getsporty\web\controller\UserController_Roo_Controller.aj
D:\darkhorse\getsporty\Darkhorse\src\main\java\com\darkhorse\getsporty\domain\User.java
D:\darkhorse\getsporty\Darkhorse\src\main\java\com\darkhorse\getsporty\domain\Player_Roo_Mongo_Entity.aj
D:\darkhorse\getsporty\Darkhorse\src\main\java\com\darkhorse\getsporty\domain\UserRole_Roo_Json.aj
D:\darkhorse\getsporty\Darkhorse\src\main\java\com\darkhorse\getsporty\svc\UserRoleSvcImpl_Roo_Service.aj
D:\darkhorse\getsporty\Darkhorse\src\main\java\com\darkhorse\getsporty\web\controller\FirstController.java
D:\darkhorse\getsporty\Darkhorse\src\main\java\com\darkhorse\getsporty\domain\Academy.java
D:\darkhorse\getsporty\Darkhorse\src\main\java\com\darkhorse\getsporty\web\controller\ApplicationConversionServiceFactoryBean.java
D:\darkhorse\getsporty\Darkhorse\src\main\java\com\darkhorse\getsporty\domain\Image.java
D:\darkhorse\getsporty\Darkhorse\src\main\java\com\darkhorse\getsporty\domain\CommonFields_Roo_ToString.aj
D:\darkhorse\getsporty\Darkhorse\src\main\java\com\darkhorse\getsporty\domain\UserRole_Roo_JavaBean.aj
D:\darkhorse\getsporty\Darkhorse\src\main\java\com\darkhorse\getsporty\domain\Image_Roo_ToString.aj
D:\darkhorse\getsporty\Darkhorse\src\main\java\com\darkhorse\getsporty\domain\Image_Roo_Mongo_Entity.aj
D:\darkhorse\getsporty\Darkhorse\src\main\java\com\darkhorse\getsporty\domain\Player_Roo_ToString.aj
D:\darkhorse\getsporty\Darkhorse\src\main\java\com\darkhorse\getsporty\web\controller\UserController_Roo_Controller_Json.aj
D:\darkhorse\getsporty\Darkhorse\src\main\java\com\darkhorse\getsporty\domain\Player_Roo_JavaBean.aj
D:\darkhorse\getsporty\Darkhorse\src\main\java\com\darkhorse\getsporty\domain\Contact_Roo_Mongo_Entity.aj
D:\darkhorse\getsporty\Darkhorse\src\main\java\com\darkhorse\getsporty\web\controller\UserRoleController_Roo_Controller.aj
